
 /----------------------------------------------------------------------------\
 |                                                                            |
 |  yosys -- Yosys Open SYnthesis Suite                                       |
 |                                                                            |
 |  Copyright (C) 2012 - 2020  Claire Xenia Wolf <claire@yosyshq.com>         |
 |                                                                            |
 |  Permission to use, copy, modify, and/or distribute this software for any  |
 |  purpose with or without fee is hereby granted, provided that the above    |
 |  copyright notice and this permission notice appear in all copies.         |
 |                                                                            |
 |  THE SOFTWARE IS PROVIDED "AS IS" AND THE AUTHOR DISCLAIMS ALL WARRANTIES  |
 |  WITH REGARD TO THIS SOFTWARE INCLUDING ALL IMPLIED WARRANTIES OF          |
 |  MERCHANTABILITY AND FITNESS. IN NO EVENT SHALL THE AUTHOR BE LIABLE FOR   |
 |  ANY SPECIAL, DIRECT, INDIRECT, OR CONSEQUENTIAL DAMAGES OR ANY DAMAGES    |
 |  WHATSOEVER RESULTING FROM LOSS OF USE, DATA OR PROFITS, WHETHER IN AN     |
 |  ACTION OF CONTRACT, NEGLIGENCE OR OTHER TORTIOUS ACTION, ARISING OUT OF   |
 |  OR IN CONNECTION WITH THE USE OR PERFORMANCE OF THIS SOFTWARE.            |
 |                                                                            |
 \----------------------------------------------------------------------------/

 Yosys 0.33 (git sha1 2584903a060)


-- Running command ` 	read_verilog -sv ../rtl/ai/src/SystolicArray2x2.v ../rtl/ai/src/PE_INT.v ../rtl/ai/src/PE_mult.v ../rtl/ai/src/sim_PE_top.v; 	hierarchy -check -top SystolicArray2x2; 	proc; 	opt; 	flatten; 	opt; 	memory; 	opt; 	techmap; 	opt; 	stat -top SystolicArray2x2; 	write_json ../rtl/ai/yosys_out/sa_2x2.json; ' --

1. Executing Verilog-2005 frontend: ../rtl/ai/src/SystolicArray2x2.v
Parsing SystemVerilog input from `../rtl/ai/src/SystolicArray2x2.v' to AST representation.
Generating RTLIL representation for module `\SystolicArray2x2'.
Successfully finished Verilog frontend.

2. Executing Verilog-2005 frontend: ../rtl/ai/src/PE_INT.v
Parsing SystemVerilog input from `../rtl/ai/src/PE_INT.v' to AST representation.
Generating RTLIL representation for module `\PE_INT'.
Successfully finished Verilog frontend.

3. Executing Verilog-2005 frontend: ../rtl/ai/src/PE_mult.v
Parsing SystemVerilog input from `../rtl/ai/src/PE_mult.v' to AST representation.
Generating RTLIL representation for module `\PE_mult'.
Warning: Replacing memory \data_B_latch with list of registers. See ../rtl/ai/src/PE_mult.v:67
Warning: Replacing memory \data_A_latch with list of registers. See ../rtl/ai/src/PE_mult.v:66
Successfully finished Verilog frontend.

4. Executing Verilog-2005 frontend: ../rtl/ai/src/sim_PE_top.v
Parsing SystemVerilog input from `../rtl/ai/src/sim_PE_top.v' to AST representation.
Generating RTLIL representation for module `\sim_PE_top'.
Successfully finished Verilog frontend.

5. Executing HIERARCHY pass (managing design hierarchy).

5.1. Analyzing design hierarchy..
Top module:  \SystolicArray2x2
Used module:     \PE_mult
Used module:     \PE_INT
Parameter \DW = 8
Parameter \PW = 32
Parameter \SW = 32
Parameter \N = 4
Parameter \MUL_NUM = 2

5.2. Executing AST frontend in derive mode using pre-parsed AST for module `\PE_mult'.
Parameter \DW = 8
Parameter \PW = 32
Parameter \SW = 32
Parameter \N = 4
Parameter \MUL_NUM = 2
Generating RTLIL representation for module `$paramod$716f044fe0b8055421c93fc5fb8692f417626d3f\PE_mult'.
Warning: Replacing memory \data_B_latch with list of registers. See ../rtl/ai/src/PE_mult.v:67
Warning: Replacing memory \data_A_latch with list of registers. See ../rtl/ai/src/PE_mult.v:66
Parameter \DW = 8
Parameter \PW = 32
Parameter \SW = 32
Parameter \THREADS = 4

5.3. Executing AST frontend in derive mode using pre-parsed AST for module `\PE_INT'.
Parameter \DW = 8
Parameter \PW = 32
Parameter \SW = 32
Parameter \THREADS = 4
Generating RTLIL representation for module `$paramod$5fe0d35bfa915ebafb7f2963d4d992d0deaa9cfd\PE_INT'.

5.4. Analyzing design hierarchy..
Top module:  \SystolicArray2x2
Used module:     $paramod$716f044fe0b8055421c93fc5fb8692f417626d3f\PE_mult
Used module:     $paramod$5fe0d35bfa915ebafb7f2963d4d992d0deaa9cfd\PE_INT

5.5. Analyzing design hierarchy..
Top module:  \SystolicArray2x2
Used module:     $paramod$716f044fe0b8055421c93fc5fb8692f417626d3f\PE_mult
Used module:     $paramod$5fe0d35bfa915ebafb7f2963d4d992d0deaa9cfd\PE_INT
Removing unused module `\sim_PE_top'.
Removing unused module `\PE_mult'.
Removing unused module `\PE_INT'.
Removed 3 unused modules.

6. Executing PROC pass (convert processes to netlists).

6.1. Executing PROC_CLEAN pass (remove empty switches from decision trees).
Cleaned up 0 empty switches.

6.2. Executing PROC_RMDEAD pass (remove dead branches from decision trees).
Marked 1 switch rules as full_case in process $proc$../rtl/ai/src/PE_mult.v:59$92 in module $paramod$716f044fe0b8055421c93fc5fb8692f417626d3f\PE_mult.
Marked 4 switch rules as full_case in process $proc$../rtl/ai/src/PE_mult.v:45$79 in module $paramod$716f044fe0b8055421c93fc5fb8692f417626d3f\PE_mult.
Marked 3 switch rules as full_case in process $proc$../rtl/ai/src/PE_INT.v:91$116 in module $paramod$5fe0d35bfa915ebafb7f2963d4d992d0deaa9cfd\PE_INT.
Marked 2 switch rules as full_case in process $proc$../rtl/ai/src/PE_INT.v:78$114 in module $paramod$5fe0d35bfa915ebafb7f2963d4d992d0deaa9cfd\PE_INT.
Marked 2 switch rules as full_case in process $proc$../rtl/ai/src/PE_INT.v:65$112 in module $paramod$5fe0d35bfa915ebafb7f2963d4d992d0deaa9cfd\PE_INT.
Removed a total of 0 dead cases.

6.3. Executing PROC_PRUNE pass (remove redundant assignments in processes).
Removed 2 redundant assignments.
Promoted 8 assignments to connections.

6.4. Executing PROC_INIT pass (extract init attributes).

6.5. Executing PROC_ARST pass (detect async resets in processes).
Found async reset \reset_n in `$paramod$716f044fe0b8055421c93fc5fb8692f417626d3f\PE_mult.$proc$../rtl/ai/src/PE_mult.v:59$92'.
Found async reset \reset_n in `$paramod$5fe0d35bfa915ebafb7f2963d4d992d0deaa9cfd\PE_INT.$proc$../rtl/ai/src/PE_INT.v:91$116'.
Found async reset \reset_n in `$paramod$5fe0d35bfa915ebafb7f2963d4d992d0deaa9cfd\PE_INT.$proc$../rtl/ai/src/PE_INT.v:78$114'.
Found async reset \reset_n in `$paramod$5fe0d35bfa915ebafb7f2963d4d992d0deaa9cfd\PE_INT.$proc$../rtl/ai/src/PE_INT.v:65$112'.

6.6. Executing PROC_ROM pass (convert switches to ROMs).
Converted 0 switches.
<suppressed ~24 debug messages>

6.7. Executing PROC_MUX pass (convert decision trees to multiplexers).
Creating decoders for process `$paramod$716f044fe0b8055421c93fc5fb8692f417626d3f\PE_mult.$proc$../rtl/ai/src/PE_mult.v:59$92'.
     1/18: $0\pending_valid[3:0] [3]
     2/18: $0\pending_valid[3:0] [2]
     3/18: $0\result_C[127:0] [95:64]
     4/18: $0\pending_valid[3:0] [1]
     5/18: $0\result_C[127:0] [63:32]
     6/18: $0\pending_valid[3:0] [0]
     7/18: $0\result_C[127:0] [31:0]
     8/18: $0\data_out_ready[3:0]
     9/18: $0\data_B_latch[3][7:0]
    10/18: $0\data_B_latch[2][7:0]
    11/18: $0\data_B_latch[1][7:0]
    12/18: $0\data_B_latch[0][7:0]
    13/18: $0\data_A_latch[3][7:0]
    14/18: $0\data_A_latch[2][7:0]
    15/18: $0\data_A_latch[1][7:0]
    16/18: $0\data_A_latch[0][7:0]
    17/18: $0\result_C[127:0] [127:96]
    18/18: $2\i[31:0]
Creating decoders for process `$paramod$716f044fe0b8055421c93fc5fb8692f417626d3f\PE_mult.$proc$../rtl/ai/src/PE_mult.v:45$79'.
     1/8: $4\selected_count[31:0]
     2/8: $4\process_mask[3:3]
     3/8: $3\selected_count[31:0]
     4/8: $3\process_mask[2:2]
     5/8: $2\selected_count[31:0]
     6/8: $2\process_mask[1:1]
     7/8: $1\selected_count[31:0]
     8/8: $1\process_mask[0:0]
Creating decoders for process `$paramod$5fe0d35bfa915ebafb7f2963d4d992d0deaa9cfd\PE_INT.$proc$../rtl/ai/src/PE_INT.v:91$116'.
     1/19: $0\ps_acc[127:0] [127:96]
     2/19: $0\ps_acc[127:0] [95:64]
     3/19: $0\sum_to_bottom[127:0] [95:64]
     4/19: $0\ps_acc[127:0] [63:32]
     5/19: $0\sum_to_bottom[127:0] [63:32]
     6/19: $0\ps_acc[127:0] [31:0]
     7/19: $0\sum_to_bottom[127:0] [31:0]
     8/19: $0\product[127:0] [95:64]
     9/19: $0\product[127:0] [63:32]
    10/19: $0\product[127:0] [31:0]
    11/19: $1\i[31:0]
    12/19: $0\done[0:0]
    13/19: $2\i[31:0]
    14/19: $0\mul_done[3:0]
    15/19: $0\state[2:0]
    16/19: $0\sum_to_bottom[127:0] [127:96]
    17/19: $0\product[127:0] [127:96]
    18/19: $0\busy[0:0]
    19/19: $0\data_out_valid[3:0]
Creating decoders for process `$paramod$5fe0d35bfa915ebafb7f2963d4d992d0deaa9cfd\PE_INT.$proc$../rtl/ai/src/PE_INT.v:78$114'.
     1/1: $0\data_B[31:0]
Creating decoders for process `$paramod$5fe0d35bfa915ebafb7f2963d4d992d0deaa9cfd\PE_INT.$proc$../rtl/ai/src/PE_INT.v:65$112'.
     1/1: $0\data_A[31:0]

6.8. Executing PROC_DLATCH pass (convert process syncs to latches).
No latch inferred for signal `$paramod$716f044fe0b8055421c93fc5fb8692f417626d3f\PE_mult.\i' from process `$paramod$716f044fe0b8055421c93fc5fb8692f417626d3f\PE_mult.$proc$../rtl/ai/src/PE_mult.v:45$79'.
No latch inferred for signal `$paramod$716f044fe0b8055421c93fc5fb8692f417626d3f\PE_mult.\process_mask' from process `$paramod$716f044fe0b8055421c93fc5fb8692f417626d3f\PE_mult.$proc$../rtl/ai/src/PE_mult.v:45$79'.
No latch inferred for signal `$paramod$716f044fe0b8055421c93fc5fb8692f417626d3f\PE_mult.\selected_count' from process `$paramod$716f044fe0b8055421c93fc5fb8692f417626d3f\PE_mult.$proc$../rtl/ai/src/PE_mult.v:45$79'.

6.9. Executing PROC_DFF pass (convert process syncs to FFs).
Creating register for signal `$paramod$716f044fe0b8055421c93fc5fb8692f417626d3f\PE_mult.\result_C' using process `$paramod$716f044fe0b8055421c93fc5fb8692f417626d3f\PE_mult.$proc$../rtl/ai/src/PE_mult.v:59$92'.
  created $adff cell `$procdff$348' with positive edge clock and negative level reset.
Creating register for signal `$paramod$716f044fe0b8055421c93fc5fb8692f417626d3f\PE_mult.\data_out_ready' using process `$paramod$716f044fe0b8055421c93fc5fb8692f417626d3f\PE_mult.$proc$../rtl/ai/src/PE_mult.v:59$92'.
  created $adff cell `$procdff$349' with positive edge clock and negative level reset.
Creating register for signal `$paramod$716f044fe0b8055421c93fc5fb8692f417626d3f\PE_mult.\i' using process `$paramod$716f044fe0b8055421c93fc5fb8692f417626d3f\PE_mult.$proc$../rtl/ai/src/PE_mult.v:59$92'.
  created $dff cell `$procdff$352' with positive edge clock.
Creating register for signal `$paramod$716f044fe0b8055421c93fc5fb8692f417626d3f\PE_mult.\pending_valid' using process `$paramod$716f044fe0b8055421c93fc5fb8692f417626d3f\PE_mult.$proc$../rtl/ai/src/PE_mult.v:59$92'.
  created $adff cell `$procdff$353' with positive edge clock and negative level reset.
Creating register for signal `$paramod$716f044fe0b8055421c93fc5fb8692f417626d3f\PE_mult.\data_A_latch[0]' using process `$paramod$716f044fe0b8055421c93fc5fb8692f417626d3f\PE_mult.$proc$../rtl/ai/src/PE_mult.v:59$92'.
  created $adff cell `$procdff$354' with positive edge clock and negative level reset.
Creating register for signal `$paramod$716f044fe0b8055421c93fc5fb8692f417626d3f\PE_mult.\data_A_latch[1]' using process `$paramod$716f044fe0b8055421c93fc5fb8692f417626d3f\PE_mult.$proc$../rtl/ai/src/PE_mult.v:59$92'.
  created $adff cell `$procdff$355' with positive edge clock and negative level reset.
Creating register for signal `$paramod$716f044fe0b8055421c93fc5fb8692f417626d3f\PE_mult.\data_A_latch[2]' using process `$paramod$716f044fe0b8055421c93fc5fb8692f417626d3f\PE_mult.$proc$../rtl/ai/src/PE_mult.v:59$92'.
  created $adff cell `$procdff$356' with positive edge clock and negative level reset.
Creating register for signal `$paramod$716f044fe0b8055421c93fc5fb8692f417626d3f\PE_mult.\data_A_latch[3]' using process `$paramod$716f044fe0b8055421c93fc5fb8692f417626d3f\PE_mult.$proc$../rtl/ai/src/PE_mult.v:59$92'.
  created $adff cell `$procdff$357' with positive edge clock and negative level reset.
Creating register for signal `$paramod$716f044fe0b8055421c93fc5fb8692f417626d3f\PE_mult.\data_B_latch[0]' using process `$paramod$716f044fe0b8055421c93fc5fb8692f417626d3f\PE_mult.$proc$../rtl/ai/src/PE_mult.v:59$92'.
  created $adff cell `$procdff$358' with positive edge clock and negative level reset.
Creating register for signal `$paramod$716f044fe0b8055421c93fc5fb8692f417626d3f\PE_mult.\data_B_latch[1]' using process `$paramod$716f044fe0b8055421c93fc5fb8692f417626d3f\PE_mult.$proc$../rtl/ai/src/PE_mult.v:59$92'.
  created $adff cell `$procdff$359' with positive edge clock and negative level reset.
Creating register for signal `$paramod$716f044fe0b8055421c93fc5fb8692f417626d3f\PE_mult.\data_B_latch[2]' using process `$paramod$716f044fe0b8055421c93fc5fb8692f417626d3f\PE_mult.$proc$../rtl/ai/src/PE_mult.v:59$92'.
  created $adff cell `$procdff$360' with positive edge clock and negative level reset.
Creating register for signal `$paramod$716f044fe0b8055421c93fc5fb8692f417626d3f\PE_mult.\data_B_latch[3]' using process `$paramod$716f044fe0b8055421c93fc5fb8692f417626d3f\PE_mult.$proc$../rtl/ai/src/PE_mult.v:59$92'.
  created $adff cell `$procdff$361' with positive edge clock and negative level reset.
Creating register for signal `$paramod$5fe0d35bfa915ebafb7f2963d4d992d0deaa9cfd\PE_INT.\data_out_valid' using process `$paramod$5fe0d35bfa915ebafb7f2963d4d992d0deaa9cfd\PE_INT.$proc$../rtl/ai/src/PE_INT.v:91$116'.
  created $adff cell `$procdff$362' with positive edge clock and negative level reset.
Creating register for signal `$paramod$5fe0d35bfa915ebafb7f2963d4d992d0deaa9cfd\PE_INT.\busy' using process `$paramod$5fe0d35bfa915ebafb7f2963d4d992d0deaa9cfd\PE_INT.$proc$../rtl/ai/src/PE_INT.v:91$116'.
  created $adff cell `$procdff$363' with positive edge clock and negative level reset.
Creating register for signal `$paramod$5fe0d35bfa915ebafb7f2963d4d992d0deaa9cfd\PE_INT.\done' using process `$paramod$5fe0d35bfa915ebafb7f2963d4d992d0deaa9cfd\PE_INT.$proc$../rtl/ai/src/PE_INT.v:91$116'.
  created $adff cell `$procdff$364' with positive edge clock and negative level reset.
Creating register for signal `$paramod$5fe0d35bfa915ebafb7f2963d4d992d0deaa9cfd\PE_INT.\sum_to_bottom' using process `$paramod$5fe0d35bfa915ebafb7f2963d4d992d0deaa9cfd\PE_INT.$proc$../rtl/ai/src/PE_INT.v:91$116'.
  created $adff cell `$procdff$365' with positive edge clock and negative level reset.
Creating register for signal `$paramod$5fe0d35bfa915ebafb7f2963d4d992d0deaa9cfd\PE_INT.\ps_acc' using process `$paramod$5fe0d35bfa915ebafb7f2963d4d992d0deaa9cfd\PE_INT.$proc$../rtl/ai/src/PE_INT.v:91$116'.
  created $adff cell `$procdff$366' with positive edge clock and negative level reset.
Creating register for signal `$paramod$5fe0d35bfa915ebafb7f2963d4d992d0deaa9cfd\PE_INT.\state' using process `$paramod$5fe0d35bfa915ebafb7f2963d4d992d0deaa9cfd\PE_INT.$proc$../rtl/ai/src/PE_INT.v:91$116'.
  created $adff cell `$procdff$367' with positive edge clock and negative level reset.
Creating register for signal `$paramod$5fe0d35bfa915ebafb7f2963d4d992d0deaa9cfd\PE_INT.\mul_done' using process `$paramod$5fe0d35bfa915ebafb7f2963d4d992d0deaa9cfd\PE_INT.$proc$../rtl/ai/src/PE_INT.v:91$116'.
  created $adff cell `$procdff$368' with positive edge clock and negative level reset.
Creating register for signal `$paramod$5fe0d35bfa915ebafb7f2963d4d992d0deaa9cfd\PE_INT.\product' using process `$paramod$5fe0d35bfa915ebafb7f2963d4d992d0deaa9cfd\PE_INT.$proc$../rtl/ai/src/PE_INT.v:91$116'.
  created $adff cell `$procdff$369' with positive edge clock and negative level reset.
Creating register for signal `$paramod$5fe0d35bfa915ebafb7f2963d4d992d0deaa9cfd\PE_INT.\i' using process `$paramod$5fe0d35bfa915ebafb7f2963d4d992d0deaa9cfd\PE_INT.$proc$../rtl/ai/src/PE_INT.v:91$116'.
  created $dff cell `$procdff$372' with positive edge clock.
Creating register for signal `$paramod$5fe0d35bfa915ebafb7f2963d4d992d0deaa9cfd\PE_INT.\data_B' using process `$paramod$5fe0d35bfa915ebafb7f2963d4d992d0deaa9cfd\PE_INT.$proc$../rtl/ai/src/PE_INT.v:78$114'.
  created $adff cell `$procdff$373' with positive edge clock and negative level reset.
Creating register for signal `$paramod$5fe0d35bfa915ebafb7f2963d4d992d0deaa9cfd\PE_INT.\data_A' using process `$paramod$5fe0d35bfa915ebafb7f2963d4d992d0deaa9cfd\PE_INT.$proc$../rtl/ai/src/PE_INT.v:65$112'.
  created $adff cell `$procdff$374' with positive edge clock and negative level reset.

6.10. Executing PROC_MEMWR pass (convert process memory writes to cells).

6.11. Executing PROC_CLEAN pass (remove empty switches from decision trees).
Found and cleaned up 8 empty switches in `$paramod$716f044fe0b8055421c93fc5fb8692f417626d3f\PE_mult.$proc$../rtl/ai/src/PE_mult.v:59$92'.
Removing empty process `$paramod$716f044fe0b8055421c93fc5fb8692f417626d3f\PE_mult.$proc$../rtl/ai/src/PE_mult.v:59$92'.
Found and cleaned up 4 empty switches in `$paramod$716f044fe0b8055421c93fc5fb8692f417626d3f\PE_mult.$proc$../rtl/ai/src/PE_mult.v:45$79'.
Removing empty process `$paramod$716f044fe0b8055421c93fc5fb8692f417626d3f\PE_mult.$proc$../rtl/ai/src/PE_mult.v:45$79'.
Found and cleaned up 8 empty switches in `$paramod$5fe0d35bfa915ebafb7f2963d4d992d0deaa9cfd\PE_INT.$proc$../rtl/ai/src/PE_INT.v:91$116'.
Removing empty process `$paramod$5fe0d35bfa915ebafb7f2963d4d992d0deaa9cfd\PE_INT.$proc$../rtl/ai/src/PE_INT.v:91$116'.
Found and cleaned up 2 empty switches in `$paramod$5fe0d35bfa915ebafb7f2963d4d992d0deaa9cfd\PE_INT.$proc$../rtl/ai/src/PE_INT.v:78$114'.
Removing empty process `$paramod$5fe0d35bfa915ebafb7f2963d4d992d0deaa9cfd\PE_INT.$proc$../rtl/ai/src/PE_INT.v:78$114'.
Found and cleaned up 2 empty switches in `$paramod$5fe0d35bfa915ebafb7f2963d4d992d0deaa9cfd\PE_INT.$proc$../rtl/ai/src/PE_INT.v:65$112'.
Removing empty process `$paramod$5fe0d35bfa915ebafb7f2963d4d992d0deaa9cfd\PE_INT.$proc$../rtl/ai/src/PE_INT.v:65$112'.
Cleaned up 24 empty switches.

6.12. Executing OPT_EXPR pass (perform const folding).
Optimizing module $paramod$716f044fe0b8055421c93fc5fb8692f417626d3f\PE_mult.
<suppressed ~4 debug messages>
Optimizing module $paramod$5fe0d35bfa915ebafb7f2963d4d992d0deaa9cfd\PE_INT.
<suppressed ~15 debug messages>
Optimizing module SystolicArray2x2.

7. Executing OPT pass (performing simple optimizations).

7.1. Executing OPT_EXPR pass (perform const folding).
Optimizing module $paramod$716f044fe0b8055421c93fc5fb8692f417626d3f\PE_mult.
Optimizing module $paramod$5fe0d35bfa915ebafb7f2963d4d992d0deaa9cfd\PE_INT.
Optimizing module SystolicArray2x2.

7.2. Executing OPT_MERGE pass (detect identical cells).
Finding identical cells in module `$paramod$716f044fe0b8055421c93fc5fb8692f417626d3f\PE_mult'.
Finding identical cells in module `$paramod$5fe0d35bfa915ebafb7f2963d4d992d0deaa9cfd\PE_INT'.
<suppressed ~108 debug messages>
Finding identical cells in module `\SystolicArray2x2'.
Removed a total of 36 cells.

7.3. Executing OPT_MUXTREE pass (detect dead branches in mux trees).
Running muxtree optimizer on module $paramod$716f044fe0b8055421c93fc5fb8692f417626d3f\PE_mult..
  Creating internal representation of mux trees.
  Evaluating internal representation of mux trees.
  Analyzing evaluation results.
    dead port 1/2 on $mux $procmux$177.
    dead port 2/2 on $mux $procmux$177.
Running muxtree optimizer on module $paramod$5fe0d35bfa915ebafb7f2963d4d992d0deaa9cfd\PE_INT..
  Creating internal representation of mux trees.
  Evaluating internal representation of mux trees.
  Analyzing evaluation results.
Running muxtree optimizer on module \SystolicArray2x2..
  Creating internal representation of mux trees.
  No muxes found in this module.
Removed 2 multiplexer ports.
<suppressed ~43 debug messages>

7.4. Executing OPT_REDUCE pass (consolidate $*mux and $reduce_* inputs).
  Optimizing cells in module $paramod$716f044fe0b8055421c93fc5fb8692f417626d3f\PE_mult.
  Optimizing cells in module $paramod$5fe0d35bfa915ebafb7f2963d4d992d0deaa9cfd\PE_INT.
    New ctrl vector for $pmux cell $procmux$283: $auto$opt_reduce.cc:134:opt_pmux$376
    New ctrl vector for $pmux cell $procmux$322: { $procmux$330_CMP $auto$opt_reduce.cc:134:opt_pmux$378 }
  Optimizing cells in module $paramod$5fe0d35bfa915ebafb7f2963d4d992d0deaa9cfd\PE_INT.
  Optimizing cells in module \SystolicArray2x2.
Performed a total of 2 changes.

7.5. Executing OPT_MERGE pass (detect identical cells).
Finding identical cells in module `$paramod$716f044fe0b8055421c93fc5fb8692f417626d3f\PE_mult'.
Finding identical cells in module `$paramod$5fe0d35bfa915ebafb7f2963d4d992d0deaa9cfd\PE_INT'.
Finding identical cells in module `\SystolicArray2x2'.
Removed a total of 0 cells.

7.6. Executing OPT_DFF pass (perform DFF optimizations).
Adding EN signal on $procdff$361 ($adff) from module $paramod$716f044fe0b8055421c93fc5fb8692f417626d3f\PE_mult (D = \data_B [31:24], Q = \data_B_latch[3]).
Adding EN signal on $procdff$360 ($adff) from module $paramod$716f044fe0b8055421c93fc5fb8692f417626d3f\PE_mult (D = \data_B [23:16], Q = \data_B_latch[2]).
Adding EN signal on $procdff$359 ($adff) from module $paramod$716f044fe0b8055421c93fc5fb8692f417626d3f\PE_mult (D = \data_B [15:8], Q = \data_B_latch[1]).
Adding EN signal on $procdff$357 ($adff) from module $paramod$716f044fe0b8055421c93fc5fb8692f417626d3f\PE_mult (D = \data_A [31:24], Q = \data_A_latch[3]).
Adding EN signal on $procdff$348 ($adff) from module $paramod$716f044fe0b8055421c93fc5fb8692f417626d3f\PE_mult (D = $mul$../rtl/ai/src/PE_mult.v:82$102_Y, Q = \result_C [95:64]).
Adding EN signal on $procdff$348 ($adff) from module $paramod$716f044fe0b8055421c93fc5fb8692f417626d3f\PE_mult (D = $mul$../rtl/ai/src/PE_mult.v:82$94_Y, Q = \result_C [31:0]).
Adding EN signal on $procdff$348 ($adff) from module $paramod$716f044fe0b8055421c93fc5fb8692f417626d3f\PE_mult (D = $mul$../rtl/ai/src/PE_mult.v:82$98_Y, Q = \result_C [63:32]).
Adding EN signal on $procdff$348 ($adff) from module $paramod$716f044fe0b8055421c93fc5fb8692f417626d3f\PE_mult (D = $mul$../rtl/ai/src/PE_mult.v:82$106_Y, Q = \result_C [127:96]).
Adding EN signal on $procdff$358 ($adff) from module $paramod$716f044fe0b8055421c93fc5fb8692f417626d3f\PE_mult (D = \data_B [7:0], Q = \data_B_latch[0]).
Handling D = Q on $procdff$352 ($dff) from module $paramod$716f044fe0b8055421c93fc5fb8692f417626d3f\PE_mult (removing D path).
Adding EN signal on $procdff$353 ($adff) from module $paramod$716f044fe0b8055421c93fc5fb8692f417626d3f\PE_mult (D = $procmux$154_Y, Q = \pending_valid [0]).
Adding EN signal on $procdff$353 ($adff) from module $paramod$716f044fe0b8055421c93fc5fb8692f417626d3f\PE_mult (D = $procmux$148_Y, Q = \pending_valid [1]).
Adding EN signal on $procdff$353 ($adff) from module $paramod$716f044fe0b8055421c93fc5fb8692f417626d3f\PE_mult (D = $procmux$142_Y, Q = \pending_valid [2]).
Adding EN signal on $procdff$353 ($adff) from module $paramod$716f044fe0b8055421c93fc5fb8692f417626d3f\PE_mult (D = $procmux$138_Y, Q = \pending_valid [3]).
Adding EN signal on $procdff$354 ($adff) from module $paramod$716f044fe0b8055421c93fc5fb8692f417626d3f\PE_mult (D = \data_A [7:0], Q = \data_A_latch[0]).
Adding EN signal on $procdff$355 ($adff) from module $paramod$716f044fe0b8055421c93fc5fb8692f417626d3f\PE_mult (D = \data_A [15:8], Q = \data_A_latch[1]).
Adding EN signal on $procdff$356 ($adff) from module $paramod$716f044fe0b8055421c93fc5fb8692f417626d3f\PE_mult (D = \data_A [23:16], Q = \data_A_latch[2]).
Adding EN signal on $procdff$366 ($adff) from module $paramod$5fe0d35bfa915ebafb7f2963d4d992d0deaa9cfd\PE_INT (D = { $procmux$201_Y $procmux$208_Y $procmux$222_Y $procmux$236_Y }, Q = \ps_acc).
Adding EN signal on $procdff$367 ($adff) from module $paramod$5fe0d35bfa915ebafb7f2963d4d992d0deaa9cfd\PE_INT (D = $procmux$294_Y, Q = \state).
Adding EN signal on $procdff$374 ($adff) from module $paramod$5fe0d35bfa915ebafb7f2963d4d992d0deaa9cfd\PE_INT (D = $procmux$346_Y, Q = \data_A).
Adding EN signal on $procdff$368 ($adff) from module $paramod$5fe0d35bfa915ebafb7f2963d4d992d0deaa9cfd\PE_INT (D = $procmux$287_Y, Q = \mul_done).
Adding EN signal on $procdff$369 ($adff) from module $paramod$5fe0d35bfa915ebafb7f2963d4d992d0deaa9cfd\PE_INT (D = $procmux$273_Y, Q = \product [31:0]).
Adding EN signal on $procdff$369 ($adff) from module $paramod$5fe0d35bfa915ebafb7f2963d4d992d0deaa9cfd\PE_INT (D = $procmux$263_Y, Q = \product [63:32]).
Adding EN signal on $procdff$369 ($adff) from module $paramod$5fe0d35bfa915ebafb7f2963d4d992d0deaa9cfd\PE_INT (D = $procmux$253_Y, Q = \product [95:64]).
Adding EN signal on $procdff$369 ($adff) from module $paramod$5fe0d35bfa915ebafb7f2963d4d992d0deaa9cfd\PE_INT (D = $procmux$314_Y, Q = \product [127:96]).
Adding EN signal on $procdff$372 ($dff) from module $paramod$5fe0d35bfa915ebafb7f2963d4d992d0deaa9cfd\PE_INT (D = 4, Q = \i).
Adding EN signal on $procdff$373 ($adff) from module $paramod$5fe0d35bfa915ebafb7f2963d4d992d0deaa9cfd\PE_INT (D = $procmux$341_Y, Q = \data_B).
Adding EN signal on $procdff$362 ($adff) from module $paramod$5fe0d35bfa915ebafb7f2963d4d992d0deaa9cfd\PE_INT (D = $procmux$332_Y, Q = \data_out_valid).
Adding EN signal on $procdff$363 ($adff) from module $paramod$5fe0d35bfa915ebafb7f2963d4d992d0deaa9cfd\PE_INT (D = $procmux$322_Y, Q = \busy).
Adding EN signal on $procdff$365 ($adff) from module $paramod$5fe0d35bfa915ebafb7f2963d4d992d0deaa9cfd\PE_INT (D = { $procmux$304_Y $procmux$215_Y $procmux$229_Y $procmux$243_Y }, Q = \sum_to_bottom).
Setting constant 0-bit at position 0 on $auto$ff.cc:266:slice$461 ($dffe) from module $paramod$5fe0d35bfa915ebafb7f2963d4d992d0deaa9cfd\PE_INT.
Setting constant 0-bit at position 1 on $auto$ff.cc:266:slice$461 ($dffe) from module $paramod$5fe0d35bfa915ebafb7f2963d4d992d0deaa9cfd\PE_INT.
Setting constant 1-bit at position 2 on $auto$ff.cc:266:slice$461 ($dffe) from module $paramod$5fe0d35bfa915ebafb7f2963d4d992d0deaa9cfd\PE_INT.
Setting constant 0-bit at position 3 on $auto$ff.cc:266:slice$461 ($dffe) from module $paramod$5fe0d35bfa915ebafb7f2963d4d992d0deaa9cfd\PE_INT.
Setting constant 0-bit at position 4 on $auto$ff.cc:266:slice$461 ($dffe) from module $paramod$5fe0d35bfa915ebafb7f2963d4d992d0deaa9cfd\PE_INT.
Setting constant 0-bit at position 5 on $auto$ff.cc:266:slice$461 ($dffe) from module $paramod$5fe0d35bfa915ebafb7f2963d4d992d0deaa9cfd\PE_INT.
Setting constant 0-bit at position 6 on $auto$ff.cc:266:slice$461 ($dffe) from module $paramod$5fe0d35bfa915ebafb7f2963d4d992d0deaa9cfd\PE_INT.
Setting constant 0-bit at position 7 on $auto$ff.cc:266:slice$461 ($dffe) from module $paramod$5fe0d35bfa915ebafb7f2963d4d992d0deaa9cfd\PE_INT.
Setting constant 0-bit at position 8 on $auto$ff.cc:266:slice$461 ($dffe) from module $paramod$5fe0d35bfa915ebafb7f2963d4d992d0deaa9cfd\PE_INT.
Setting constant 0-bit at position 9 on $auto$ff.cc:266:slice$461 ($dffe) from module $paramod$5fe0d35bfa915ebafb7f2963d4d992d0deaa9cfd\PE_INT.
Setting constant 0-bit at position 10 on $auto$ff.cc:266:slice$461 ($dffe) from module $paramod$5fe0d35bfa915ebafb7f2963d4d992d0deaa9cfd\PE_INT.
Setting constant 0-bit at position 11 on $auto$ff.cc:266:slice$461 ($dffe) from module $paramod$5fe0d35bfa915ebafb7f2963d4d992d0deaa9cfd\PE_INT.
Setting constant 0-bit at position 12 on $auto$ff.cc:266:slice$461 ($dffe) from module $paramod$5fe0d35bfa915ebafb7f2963d4d992d0deaa9cfd\PE_INT.
Setting constant 0-bit at position 13 on $auto$ff.cc:266:slice$461 ($dffe) from module $paramod$5fe0d35bfa915ebafb7f2963d4d992d0deaa9cfd\PE_INT.
Setting constant 0-bit at position 14 on $auto$ff.cc:266:slice$461 ($dffe) from module $paramod$5fe0d35bfa915ebafb7f2963d4d992d0deaa9cfd\PE_INT.
Setting constant 0-bit at position 15 on $auto$ff.cc:266:slice$461 ($dffe) from module $paramod$5fe0d35bfa915ebafb7f2963d4d992d0deaa9cfd\PE_INT.
Setting constant 0-bit at position 16 on $auto$ff.cc:266:slice$461 ($dffe) from module $paramod$5fe0d35bfa915ebafb7f2963d4d992d0deaa9cfd\PE_INT.
Setting constant 0-bit at position 17 on $auto$ff.cc:266:slice$461 ($dffe) from module $paramod$5fe0d35bfa915ebafb7f2963d4d992d0deaa9cfd\PE_INT.
Setting constant 0-bit at position 18 on $auto$ff.cc:266:slice$461 ($dffe) from module $paramod$5fe0d35bfa915ebafb7f2963d4d992d0deaa9cfd\PE_INT.
Setting constant 0-bit at position 19 on $auto$ff.cc:266:slice$461 ($dffe) from module $paramod$5fe0d35bfa915ebafb7f2963d4d992d0deaa9cfd\PE_INT.
Setting constant 0-bit at position 20 on $auto$ff.cc:266:slice$461 ($dffe) from module $paramod$5fe0d35bfa915ebafb7f2963d4d992d0deaa9cfd\PE_INT.
Setting constant 0-bit at position 21 on $auto$ff.cc:266:slice$461 ($dffe) from module $paramod$5fe0d35bfa915ebafb7f2963d4d992d0deaa9cfd\PE_INT.
Setting constant 0-bit at position 22 on $auto$ff.cc:266:slice$461 ($dffe) from module $paramod$5fe0d35bfa915ebafb7f2963d4d992d0deaa9cfd\PE_INT.
Setting constant 0-bit at position 23 on $auto$ff.cc:266:slice$461 ($dffe) from module $paramod$5fe0d35bfa915ebafb7f2963d4d992d0deaa9cfd\PE_INT.
Setting constant 0-bit at position 24 on $auto$ff.cc:266:slice$461 ($dffe) from module $paramod$5fe0d35bfa915ebafb7f2963d4d992d0deaa9cfd\PE_INT.
Setting constant 0-bit at position 25 on $auto$ff.cc:266:slice$461 ($dffe) from module $paramod$5fe0d35bfa915ebafb7f2963d4d992d0deaa9cfd\PE_INT.
Setting constant 0-bit at position 26 on $auto$ff.cc:266:slice$461 ($dffe) from module $paramod$5fe0d35bfa915ebafb7f2963d4d992d0deaa9cfd\PE_INT.
Setting constant 0-bit at position 27 on $auto$ff.cc:266:slice$461 ($dffe) from module $paramod$5fe0d35bfa915ebafb7f2963d4d992d0deaa9cfd\PE_INT.
Setting constant 0-bit at position 28 on $auto$ff.cc:266:slice$461 ($dffe) from module $paramod$5fe0d35bfa915ebafb7f2963d4d992d0deaa9cfd\PE_INT.
Setting constant 0-bit at position 29 on $auto$ff.cc:266:slice$461 ($dffe) from module $paramod$5fe0d35bfa915ebafb7f2963d4d992d0deaa9cfd\PE_INT.
Setting constant 0-bit at position 30 on $auto$ff.cc:266:slice$461 ($dffe) from module $paramod$5fe0d35bfa915ebafb7f2963d4d992d0deaa9cfd\PE_INT.
Setting constant 0-bit at position 31 on $auto$ff.cc:266:slice$461 ($dffe) from module $paramod$5fe0d35bfa915ebafb7f2963d4d992d0deaa9cfd\PE_INT.

7.7. Executing OPT_CLEAN pass (remove unused cells and wires).
Finding unused cells or wires in module $paramod$716f044fe0b8055421c93fc5fb8692f417626d3f\PE_mult..
Finding unused cells or wires in module $paramod$5fe0d35bfa915ebafb7f2963d4d992d0deaa9cfd\PE_INT..
Finding unused cells or wires in module \SystolicArray2x2..
Removed 19 unused cells and 171 unused wires.
<suppressed ~22 debug messages>

7.8. Executing OPT_EXPR pass (perform const folding).
Optimizing module $paramod$5fe0d35bfa915ebafb7f2963d4d992d0deaa9cfd\PE_INT.
<suppressed ~14 debug messages>
Optimizing module $paramod$716f044fe0b8055421c93fc5fb8692f417626d3f\PE_mult.
<suppressed ~4 debug messages>
Optimizing module SystolicArray2x2.

7.9. Rerunning OPT passes. (Maybe there is more to do..)

7.10. Executing OPT_MUXTREE pass (detect dead branches in mux trees).
Running muxtree optimizer on module $paramod$5fe0d35bfa915ebafb7f2963d4d992d0deaa9cfd\PE_INT..
  Creating internal representation of mux trees.
  Evaluating internal representation of mux trees.
  Analyzing evaluation results.
Running muxtree optimizer on module $paramod$716f044fe0b8055421c93fc5fb8692f417626d3f\PE_mult..
  Creating internal representation of mux trees.
  Evaluating internal representation of mux trees.
  Analyzing evaluation results.
Running muxtree optimizer on module \SystolicArray2x2..
  Creating internal representation of mux trees.
  No muxes found in this module.
Removed 0 multiplexer ports.
<suppressed ~30 debug messages>

7.11. Executing OPT_REDUCE pass (consolidate $*mux and $reduce_* inputs).
  Optimizing cells in module $paramod$5fe0d35bfa915ebafb7f2963d4d992d0deaa9cfd\PE_INT.
  Optimizing cells in module $paramod$716f044fe0b8055421c93fc5fb8692f417626d3f\PE_mult.
  Optimizing cells in module \SystolicArray2x2.
Performed a total of 0 changes.

7.12. Executing OPT_MERGE pass (detect identical cells).
Finding identical cells in module `$paramod$5fe0d35bfa915ebafb7f2963d4d992d0deaa9cfd\PE_INT'.
<suppressed ~66 debug messages>
Finding identical cells in module `$paramod$716f044fe0b8055421c93fc5fb8692f417626d3f\PE_mult'.
Finding identical cells in module `\SystolicArray2x2'.
Removed a total of 22 cells.

7.13. Executing OPT_DFF pass (perform DFF optimizations).

7.14. Executing OPT_CLEAN pass (remove unused cells and wires).
Finding unused cells or wires in module $paramod$5fe0d35bfa915ebafb7f2963d4d992d0deaa9cfd\PE_INT..
Finding unused cells or wires in module $paramod$716f044fe0b8055421c93fc5fb8692f417626d3f\PE_mult..
Finding unused cells or wires in module \SystolicArray2x2..
Removed 2 unused cells and 24 unused wires.
<suppressed ~3 debug messages>

7.15. Executing OPT_EXPR pass (perform const folding).
Optimizing module $paramod$5fe0d35bfa915ebafb7f2963d4d992d0deaa9cfd\PE_INT.
Optimizing module $paramod$716f044fe0b8055421c93fc5fb8692f417626d3f\PE_mult.
Optimizing module SystolicArray2x2.

7.16. Rerunning OPT passes. (Maybe there is more to do..)

7.17. Executing OPT_MUXTREE pass (detect dead branches in mux trees).
Running muxtree optimizer on module $paramod$5fe0d35bfa915ebafb7f2963d4d992d0deaa9cfd\PE_INT..
  Creating internal representation of mux trees.
  Evaluating internal representation of mux trees.
  Analyzing evaluation results.
Running muxtree optimizer on module $paramod$716f044fe0b8055421c93fc5fb8692f417626d3f\PE_mult..
  Creating internal representation of mux trees.
  Evaluating internal representation of mux trees.
  Analyzing evaluation results.
Running muxtree optimizer on module \SystolicArray2x2..
  Creating internal representation of mux trees.
  No muxes found in this module.
Removed 0 multiplexer ports.
<suppressed ~31 debug messages>

7.18. Executing OPT_REDUCE pass (consolidate $*mux and $reduce_* inputs).
  Optimizing cells in module $paramod$5fe0d35bfa915ebafb7f2963d4d992d0deaa9cfd\PE_INT.
  Optimizing cells in module $paramod$716f044fe0b8055421c93fc5fb8692f417626d3f\PE_mult.
  Optimizing cells in module \SystolicArray2x2.
Performed a total of 0 changes.

7.19. Executing OPT_MERGE pass (detect identical cells).
Finding identical cells in module `$paramod$5fe0d35bfa915ebafb7f2963d4d992d0deaa9cfd\PE_INT'.
Finding identical cells in module `$paramod$716f044fe0b8055421c93fc5fb8692f417626d3f\PE_mult'.
Finding identical cells in module `\SystolicArray2x2'.
Removed a total of 0 cells.

7.20. Executing OPT_DFF pass (perform DFF optimizations).

7.21. Executing OPT_CLEAN pass (remove unused cells and wires).
Finding unused cells or wires in module $paramod$5fe0d35bfa915ebafb7f2963d4d992d0deaa9cfd\PE_INT..
Finding unused cells or wires in module $paramod$716f044fe0b8055421c93fc5fb8692f417626d3f\PE_mult..
Finding unused cells or wires in module \SystolicArray2x2..

7.22. Executing OPT_EXPR pass (perform const folding).
Optimizing module $paramod$5fe0d35bfa915ebafb7f2963d4d992d0deaa9cfd\PE_INT.
Optimizing module $paramod$716f044fe0b8055421c93fc5fb8692f417626d3f\PE_mult.
Optimizing module SystolicArray2x2.

7.23. Finished OPT passes. (There is nothing left to do.)

8. Executing FLATTEN pass (flatten design).
Deleting now unused module $paramod$5fe0d35bfa915ebafb7f2963d4d992d0deaa9cfd\PE_INT.
Deleting now unused module $paramod$716f044fe0b8055421c93fc5fb8692f417626d3f\PE_mult.
<suppressed ~2 debug messages>

9. Executing OPT pass (performing simple optimizations).

9.1. Executing OPT_EXPR pass (perform const folding).
Optimizing module SystolicArray2x2.

9.2. Executing OPT_MERGE pass (detect identical cells).
Finding identical cells in module `\SystolicArray2x2'.
Removed a total of 0 cells.

9.3. Executing OPT_MUXTREE pass (detect dead branches in mux trees).
Running muxtree optimizer on module \SystolicArray2x2..
  Creating internal representation of mux trees.
  Evaluating internal representation of mux trees.
  Analyzing evaluation results.
Removed 0 multiplexer ports.
<suppressed ~31 debug messages>

9.4. Executing OPT_REDUCE pass (consolidate $*mux and $reduce_* inputs).
  Optimizing cells in module \SystolicArray2x2.
Performed a total of 0 changes.

9.5. Executing OPT_MERGE pass (detect identical cells).
Finding identical cells in module `\SystolicArray2x2'.
Removed a total of 0 cells.

9.6. Executing OPT_DFF pass (perform DFF optimizations).

9.7. Executing OPT_CLEAN pass (remove unused cells and wires).
Finding unused cells or wires in module \SystolicArray2x2..

9.8. Executing OPT_EXPR pass (perform const folding).
Optimizing module SystolicArray2x2.

9.9. Finished OPT passes. (There is nothing left to do.)

10. Executing MEMORY pass.

10.1. Executing OPT_MEM pass (optimize memories).
Performed a total of 0 transformations.

10.2. Executing OPT_MEM_PRIORITY pass (removing unnecessary memory write priority relations).
Performed a total of 0 transformations.

10.3. Executing OPT_MEM_FEEDBACK pass (finding memory read-to-write feedback paths).

10.4. Executing MEMORY_BMUX2ROM pass (converting muxes to ROMs).

10.5. Executing MEMORY_DFF pass (merging $dff cells to $memrd).

10.6. Executing OPT_CLEAN pass (remove unused cells and wires).
Finding unused cells or wires in module \SystolicArray2x2..

10.7. Executing MEMORY_SHARE pass (consolidating $memrd/$memwr cells).

10.8. Executing OPT_MEM_WIDEN pass (optimize memories where all ports are wide).
Performed a total of 0 transformations.

10.9. Executing OPT_CLEAN pass (remove unused cells and wires).
Finding unused cells or wires in module \SystolicArray2x2..

10.10. Executing MEMORY_COLLECT pass (generating $mem cells).

10.11. Executing MEMORY_MAP pass (converting memories to logic and flip-flops).

11. Executing OPT pass (performing simple optimizations).

11.1. Executing OPT_EXPR pass (perform const folding).
Optimizing module SystolicArray2x2.

11.2. Executing OPT_MERGE pass (detect identical cells).
Finding identical cells in module `\SystolicArray2x2'.
Removed a total of 0 cells.

11.3. Executing OPT_MUXTREE pass (detect dead branches in mux trees).
Running muxtree optimizer on module \SystolicArray2x2..
  Creating internal representation of mux trees.
  Evaluating internal representation of mux trees.
  Analyzing evaluation results.
Removed 0 multiplexer ports.
<suppressed ~31 debug messages>

11.4. Executing OPT_REDUCE pass (consolidate $*mux and $reduce_* inputs).
  Optimizing cells in module \SystolicArray2x2.
Performed a total of 0 changes.

11.5. Executing OPT_MERGE pass (detect identical cells).
Finding identical cells in module `\SystolicArray2x2'.
Removed a total of 0 cells.

11.6. Executing OPT_DFF pass (perform DFF optimizations).

11.7. Executing OPT_CLEAN pass (remove unused cells and wires).
Finding unused cells or wires in module \SystolicArray2x2..

11.8. Executing OPT_EXPR pass (perform const folding).
Optimizing module SystolicArray2x2.

11.9. Finished OPT passes. (There is nothing left to do.)

12. Executing TECHMAP pass (map to technology primitives).

12.1. Executing Verilog-2005 frontend: /usr/bin/../share/yosys/techmap.v
Parsing Verilog input from `/usr/bin/../share/yosys/techmap.v' to AST representation.
Generating RTLIL representation for module `\_90_simplemap_bool_ops'.
Generating RTLIL representation for module `\_90_simplemap_reduce_ops'.
Generating RTLIL representation for module `\_90_simplemap_logic_ops'.
Generating RTLIL representation for module `\_90_simplemap_compare_ops'.
Generating RTLIL representation for module `\_90_simplemap_various'.
Generating RTLIL representation for module `\_90_simplemap_registers'.
Generating RTLIL representation for module `\_90_shift_ops_shr_shl_sshl_sshr'.
Generating RTLIL representation for module `\_90_shift_shiftx'.
Generating RTLIL representation for module `\_90_fa'.
Generating RTLIL representation for module `\_90_lcu'.
Generating RTLIL representation for module `\_90_alu'.
Generating RTLIL representation for module `\_90_macc'.
Generating RTLIL representation for module `\_90_alumacc'.
Generating RTLIL representation for module `\$__div_mod_u'.
Generating RTLIL representation for module `\$__div_mod_trunc'.
Generating RTLIL representation for module `\_90_div'.
Generating RTLIL representation for module `\_90_mod'.
Generating RTLIL representation for module `\$__div_mod_floor'.
Generating RTLIL representation for module `\_90_divfloor'.
Generating RTLIL representation for module `\_90_modfloor'.
Generating RTLIL representation for module `\_90_pow'.
Generating RTLIL representation for module `\_90_pmux'.
Generating RTLIL representation for module `\_90_demux'.
Generating RTLIL representation for module `\_90_lut'.
Successfully finished Verilog frontend.

12.2. Continuing TECHMAP pass.
Using template $paramod$8fabc56b80a569262acfc42757a02ca0b8e91278\_90_pmux for cells of type $pmux.
Using extmapper simplemap for cells of type $mux.
Using template $paramod$c2e415ef15bc3ccd2723772353a6b450d3d76206\_90_pmux for cells of type $pmux.
Using extmapper simplemap for cells of type $eq.
Using extmapper simplemap for cells of type $ne.
Using extmapper simplemap for cells of type $reduce_bool.
Using template $paramod$c5c783b17ab1d780abfad8cfe6563a0a7b47a3b0\_90_pmux for cells of type $pmux.
Using extmapper simplemap for cells of type $logic_not.
Running "alumacc" on wrapper $extern:wrap:$add:A_SIGNED=0:A_WIDTH=32:B_SIGNED=0:B_WIDTH=32:Y_WIDTH=32:394426c56d1a028ba8fdd5469b163e04011def47.
Using template $extern:wrap:$add:A_SIGNED=0:A_WIDTH=32:B_SIGNED=0:B_WIDTH=32:Y_WIDTH=32:394426c56d1a028ba8fdd5469b163e04011def47 for cells of type $extern:wrap:$add:A_SIGNED=0:A_WIDTH=32:B_SIGNED=0:B_WIDTH=32:Y_WIDTH=32:394426c56d1a028ba8fdd5469b163e04011def47.
Using extmapper simplemap for cells of type $adffe.
Using extmapper simplemap for cells of type $reduce_and.
Using extmapper simplemap for cells of type $reduce_or.
Using extmapper simplemap for cells of type $logic_and.
Using extmapper simplemap for cells of type $not.
Using extmapper simplemap for cells of type $or.
Using extmapper simplemap for cells of type $adff.
Using template $paramod$bf2533632d512eac76dd186c0da49367e29b8e98\_90_pmux for cells of type $pmux.
Using template $paramod$85df5dc01c7df96a7d8e5f1fdf76ce9ac452af63\_90_pmux for cells of type $pmux.
Running "alumacc" on wrapper $extern:wrap:$add:A_SIGNED=1:A_WIDTH=32:B_SIGNED=1:B_WIDTH=32:Y_WIDTH=32:394426c56d1a028ba8fdd5469b163e04011def47.
Using template $extern:wrap:$add:A_SIGNED=1:A_WIDTH=32:B_SIGNED=1:B_WIDTH=32:Y_WIDTH=32:394426c56d1a028ba8fdd5469b163e04011def47 for cells of type $extern:wrap:$add:A_SIGNED=1:A_WIDTH=32:B_SIGNED=1:B_WIDTH=32:Y_WIDTH=32:394426c56d1a028ba8fdd5469b163e04011def47.
Using extmapper simplemap for cells of type $logic_or.
Running "alumacc" on wrapper $extern:wrap:$lt:A_SIGNED=1:A_WIDTH=32:B_SIGNED=1:B_WIDTH=32:Y_WIDTH=1:394426c56d1a028ba8fdd5469b163e04011def47.
Using template $extern:wrap:$lt:A_SIGNED=1:A_WIDTH=32:B_SIGNED=1:B_WIDTH=32:Y_WIDTH=1:394426c56d1a028ba8fdd5469b163e04011def47 for cells of type $extern:wrap:$lt:A_SIGNED=1:A_WIDTH=32:B_SIGNED=1:B_WIDTH=32:Y_WIDTH=1:394426c56d1a028ba8fdd5469b163e04011def47.
Running "alumacc" on wrapper $extern:wrap:$mul:A_SIGNED=0:A_WIDTH=8:B_SIGNED=0:B_WIDTH=8:Y_WIDTH=32:394426c56d1a028ba8fdd5469b163e04011def47.
Using template $extern:wrap:$mul:A_SIGNED=0:A_WIDTH=8:B_SIGNED=0:B_WIDTH=8:Y_WIDTH=32:394426c56d1a028ba8fdd5469b163e04011def47 for cells of type $extern:wrap:$mul:A_SIGNED=0:A_WIDTH=8:B_SIGNED=0:B_WIDTH=8:Y_WIDTH=32:394426c56d1a028ba8fdd5469b163e04011def47.
Using extmapper simplemap for cells of type $and.
Using template $paramod$fbc7873bff55778c0b3173955b7e4bce1d9d6834\_90_alu for cells of type $alu.
Using template $paramod$2653f68ddb8eab7b1907b4a20767b72a824a7a36\_90_alu for cells of type $alu.
Using extmapper simplemap for cells of type $xor.
Using extmapper maccmap for cells of type $macc.
  add \u_mult.data_A_latch[2] * \u_mult.data_B_latch[2] (8x8 bits, unsigned)
  add \u_mult.data_A_latch[3] * \u_mult.data_B_latch[3] (8x8 bits, unsigned)
  add \u_mult.data_A_latch[0] * \u_mult.data_B_latch[0] (8x8 bits, unsigned)
  add \u_mult.data_A_latch[1] * \u_mult.data_B_latch[1] (8x8 bits, unsigned)
Using template $paramod\_90_lcu\WIDTH=32'00000000000000000000000000100000 for cells of type $lcu.
Using extmapper simplemap for cells of type $pos.
Using template $paramod\_90_fa\WIDTH=32'00000000000000000000000000100000 for cells of type $fa.
No more expansions possible.
<suppressed ~3752 debug messages>

13. Executing OPT pass (performing simple optimizations).

13.1. Executing OPT_EXPR pass (perform const folding).
Optimizing module SystolicArray2x2.
<suppressed ~6649 debug messages>

13.2. Executing OPT_MERGE pass (detect identical cells).
Finding identical cells in module `\SystolicArray2x2'.
<suppressed ~2529 debug messages>
Removed a total of 843 cells.

13.3. Executing OPT_MUXTREE pass (detect dead branches in mux trees).
Running muxtree optimizer on module \SystolicArray2x2..
  Creating internal representation of mux trees.
  No muxes found in this module.
Removed 0 multiplexer ports.

13.4. Executing OPT_REDUCE pass (consolidate $*mux and $reduce_* inputs).
  Optimizing cells in module \SystolicArray2x2.
Performed a total of 0 changes.

13.5. Executing OPT_MERGE pass (detect identical cells).
Finding identical cells in module `\SystolicArray2x2'.
Removed a total of 0 cells.

13.6. Executing OPT_DFF pass (perform DFF optimizations).
Setting constant 0-bit at position 0 on $auto$ff.cc:266:slice$1718 ($_DFFE_PN0P_) from module SystolicArray2x2.
Setting constant 0-bit at position 0 on $auto$ff.cc:266:slice$1686 ($_DFFE_PN0P_) from module SystolicArray2x2.
Setting constant 0-bit at position 0 on $auto$ff.cc:266:slice$1654 ($_DFFE_PN0P_) from module SystolicArray2x2.
Setting constant 0-bit at position 0 on $auto$ff.cc:266:slice$1622 ($_DFFE_PN0P_) from module SystolicArray2x2.

13.7. Executing OPT_CLEAN pass (remove unused cells and wires).
Finding unused cells or wires in module \SystolicArray2x2..
Removed 437 unused cells and 3172 unused wires.
<suppressed ~438 debug messages>

13.8. Executing OPT_EXPR pass (perform const folding).
Optimizing module SystolicArray2x2.

13.9. Rerunning OPT passes. (Maybe there is more to do..)

13.10. Executing OPT_MUXTREE pass (detect dead branches in mux trees).
Running muxtree optimizer on module \SystolicArray2x2..
  Creating internal representation of mux trees.
  No muxes found in this module.
Removed 0 multiplexer ports.

13.11. Executing OPT_REDUCE pass (consolidate $*mux and $reduce_* inputs).
  Optimizing cells in module \SystolicArray2x2.
Performed a total of 0 changes.

13.12. Executing OPT_MERGE pass (detect identical cells).
Finding identical cells in module `\SystolicArray2x2'.
Removed a total of 0 cells.

13.13. Executing OPT_DFF pass (perform DFF optimizations).

13.14. Executing OPT_CLEAN pass (remove unused cells and wires).
Finding unused cells or wires in module \SystolicArray2x2..

13.15. Executing OPT_EXPR pass (perform const folding).
Optimizing module SystolicArray2x2.

13.16. Finished OPT passes. (There is nothing left to do.)

14. Printing statistics.

=== SystolicArray2x2 ===

   Number of wires:               1341
   Number of wire bits:          12495
   Number of public wires:          92
   Number of public wire bits:    2432
   Number of memories:               0
   Number of memory bits:            0
   Number of processes:              0
   Number of cells:               5081
     $_AND_                       1975
     $_DFFE_PN0N_                    1
     $_DFFE_PN0P_                  539
     $_DFF_PN0_                      5
     $_MUX_                        565
     $_NOT_                         28
     $_OR_                        1014
     $_XOR_                        954

15. Executing JSON backend.

Warnings: 2 unique messages, 4 total
End of script. Logfile hash: 0f1aa7c941, CPU: user 1.30s system 0.04s, MEM: 55.75 MB peak
Yosys 0.33 (git sha1 2584903a060)
Time spent: 38% 14x opt_expr (0 sec), 19% 1x techmap (0 sec), ...
