
 /----------------------------------------------------------------------------\
 |                                                                            |
 |  yosys -- Yosys Open SYnthesis Suite                                       |
 |                                                                            |
 |  Copyright (C) 2012 - 2020  Claire Xenia Wolf <claire@yosyshq.com>         |
 |                                                                            |
 |  Permission to use, copy, modify, and/or distribute this software for any  |
 |  purpose with or without fee is hereby granted, provided that the above    |
 |  copyright notice and this permission notice appear in all copies.         |
 |                                                                            |
 |  THE SOFTWARE IS PROVIDED "AS IS" AND THE AUTHOR DISCLAIMS ALL WARRANTIES  |
 |  WITH REGARD TO THIS SOFTWARE INCLUDING ALL IMPLIED WARRANTIES OF          |
 |  MERCHANTABILITY AND FITNESS. IN NO EVENT SHALL THE AUTHOR BE LIABLE FOR   |
 |  ANY SPECIAL, DIRECT, INDIRECT, OR CONSEQUENTIAL DAMAGES OR ANY DAMAGES    |
 |  WHATSOEVER RESULTING FROM LOSS OF USE, DATA OR PROFITS, WHETHER IN AN     |
 |  ACTION OF CONTRACT, NEGLIGENCE OR OTHER TORTIOUS ACTION, ARISING OUT OF   |
 |  OR IN CONNECTION WITH THE USE OR PERFORMANCE OF THIS SOFTWARE.            |
 |                                                                            |
 \----------------------------------------------------------------------------/

 Yosys 0.33 (git sha1 2584903a060)


-- Running command `	read_verilog -sv ../rtl/ai/src/SystolicArray_Ctrl.v ../rtl/ai/src/SystolicArray_ReadCtrl.v ../rtl/ai/src/SystolicArray4x4.v ../rtl/ai/src/PE_INT.v ../rtl/ai/src/PE_mult.v; 	hierarchy -top SystolicArray2x2_Ctrl; 	proc; opt; 	stat' --

1. Executing Verilog-2005 frontend: ../rtl/ai/src/SystolicArray_Ctrl.v
Parsing SystemVerilog input from `../rtl/ai/src/SystolicArray_Ctrl.v' to AST representation.
Generating RTLIL representation for module `\SystolicArray4x4_Ctrl'.
Successfully finished Verilog frontend.

2. Executing Verilog-2005 frontend: ../rtl/ai/src/SystolicArray_ReadCtrl.v
Parsing SystemVerilog input from `../rtl/ai/src/SystolicArray_ReadCtrl.v' to AST representation.
Generating RTLIL representation for module `\SystolicArray_ReadCtrl'.
Successfully finished Verilog frontend.

3. Executing Verilog-2005 frontend: ../rtl/ai/src/SystolicArray4x4.v
Parsing SystemVerilog input from `../rtl/ai/src/SystolicArray4x4.v' to AST representation.
Generating RTLIL representation for module `\SystolicArray4x4'.
Successfully finished Verilog frontend.

4. Executing Verilog-2005 frontend: ../rtl/ai/src/PE_INT.v
Parsing SystemVerilog input from `../rtl/ai/src/PE_INT.v' to AST representation.
Generating RTLIL representation for module `\PE_INT'.
Successfully finished Verilog frontend.

5. Executing Verilog-2005 frontend: ../rtl/ai/src/PE_mult.v
Parsing SystemVerilog input from `../rtl/ai/src/PE_mult.v' to AST representation.
Generating RTLIL representation for module `\PE_mult'.
Warning: Replacing memory \data_B_latch with list of registers. See ../rtl/ai/src/PE_mult.v:196
Warning: Replacing memory \data_A_latch with list of registers. See ../rtl/ai/src/PE_mult.v:195
Successfully finished Verilog frontend.

6. Executing HIERARCHY pass (managing design hierarchy).
ERROR: Module `SystolicArray2x2_Ctrl' not found!
